Change Component Comment : Designator=DZ2 Old Comment=3.3V - SOD123 - MMSZ5226B-AU New Comment=3.3V - MMSZ5226B-AU
Change Component Comment : Designator=DZ3 Old Comment=3.3V - SOD123 - MMSZ5226B-AU New Comment=3.3V - MMSZ5226B-AU
Change Component Comment : Designator=T1 Old Comment=BC547 New Comment=BC817 - SOT23
Change Component Comment : Designator=T3 Old Comment=BC547 New Comment=BC817 - SOT23
Change Component Comment : Designator=T2 Old Comment=BC557 New Comment=BC807
Change Component Comment : Designator=D1 Old Comment=Led RGB New Comment=CLV1L-FKB
Change Component Comment : Designator=Q4 Old Comment=MOSFET P New Comment=IRF9540PBF
Change Component Comment : Designator=DZ1 Old Comment=TVS 3.3V New Comment=3.3V - MMSZ5226B-AU
Change Component Designator: OldDesignator=T1 NewDesignator=Q?
Change Component Designator: OldDesignator=T2 NewDesignator=Q?
Change Component Designator: OldDesignator=T3 NewDesignator=Q?
Change Component Description : Designator=Q? Old Description=Transistores - Bipolar (BJT) - Simple NPN 45 V 100 mA 300MHz 500 mW Orificio pasante TO-92-3 New Description=45V NPN SMALL SIGNAL TRANSISTOR IN SOT23
Change Component Description : Designator=Q? Old Description=Transistores - Bipolar (BJT) - Simple NPN 45 V 100 mA 300MHz 500 mW Orificio pasante TO-92-3 New Description=45V NPN SMALL SIGNAL TRANSISTOR IN SOT23
Change Component Description : Designator=Q? Old Description=Transistores - Bipolar (BJT) - Simple PNP 45 V 100 mA 150MHz 500 mW Orificio pasante TO-92-3 New Description=Transistor PNP, Ic 500mA, Vceo -45 Vdc. Empaque SOT23. De montaje superficial. Trabaja hasta mínimo 100MHz.
Change Net Name : Old Net Name=NetR20_2 New Net Name=NetQ?_3
Change Net Name : Old Net Name=NetR21_2 New Net Name=NetQ?_1
Change Net Name : Old Net Name=NetR25_2 New Net Name=NetQ?_1
Added Room: Name=Buck2
Added Room: Name=Buck
Added Room: Name=Control
Added Room: Name=Fuente
