Added Component: Designator=ASM1(Fiducial)
Added Component: Designator=ASM3(Fiducial)
Added Component: Designator=TP1(TPTH)
Added Component: Designator=TP2(TPTH)
Added Component: Designator=TP3(TPTH)
Added Component: Designator=TP4(TPTH)
Added Component: Designator=TP5(TPTH)
Added Component: Designator=TP6(TPTH)
Added Component: Designator=TP7(TPTH)
Added Component: Designator=TP8(TPTH)
Added Component: Designator=TP9(TPTH)
Added Component: Designator=TP10(TPTH)
Added Component: Designator=TP11(TPTH)
Added Component: Designator=TP12(TPTH)
Added Component: Designator=TP13(TPTH)
Added Component: Designator=TP14(TPTH)
Added Component: Designator=TP15(TPTH)
Added Component: Designator=TP16(TPTH)
Added Component: Designator=TP17(TPTH)
Added Component: Designator=TP18(TPTH)
Added Component: Designator=TP19(TPTH)
Added Component: Designator=TP20(TPTH)
Added Pin To Net: NetName=Vbat Pin=TP1-1
Added Pin To Net: NetName=+12V Pin=TP2-1
Added Pin To Net: NetName=+3.3V Pin=TP3-1
Added Pin To Net: NetName=ADC_Icc Pin=TP4-1
Added Pin To Net: NetName=VCC Pin=TP5-1
Added Pin To Net: NetName=ADC_Vcc Pin=TP6-1
Added Pin To Net: NetName=NetC19_2 Pin=TP7-1
Added Pin To Net: NetName=NetR14_2 Pin=TP8-1
Added Pin To Net: NetName=PWM_2 Pin=TP9-1
Added Pin To Net: NetName=PWM_1 Pin=TP10-1
Added Pin To Net: NetName=NetJ7_2 Pin=TP11-1
Added Pin To Net: NetName=NetR17_2 Pin=TP12-1
Added Pin To Net: NetName=PWM_1 Pin=TP13-1
Added Pin To Net: NetName=NetC19_1 Pin=TP14-1
Added Pin To Net: NetName=Vo Pin=TP15-1
Added Pin To Net: NetName=ADC_Vo Pin=TP16-1
Added Pin To Net: NetName=ADC_I_Buck2 Pin=TP17-1
Added Pin To Net: NetName=NetD3_2 Pin=TP18-1
Added Pin To Net: NetName=ADC_V_Buck2 Pin=TP19-1
Added Pin To Net: NetName=PWM_3 Pin=TP20-1
Added Member To Class: ClassName=Microcontrolador Member=Component ASM1 Fiducial
Added Member To Class: ClassName=Microcontrolador Member=Component ASM3 Fiducial
Added Member To Class: ClassName=Fuente Member=Component C1 0.1uF 25V 0805
Added Member To Class: ClassName=Fuente Member=Component C2 100UF 35V
Added Member To Class: ClassName=Fuente Member=Component C3 100UF 35V
Added Member To Class: ClassName=Fuente Member=Component L1 100uHy
Added Member To Class: ClassName=Fuente Member=Component TP1 Vbat
Added Member To Class: ClassName=Fuente Member=Component TP2 12v
Added Member To Class: ClassName=Fuente Member=Component TP3 3.3v
Added Member To Class: ClassName=Control Member=Component TP4 ADC Icc
Added Member To Class: ClassName=Control Member=Component TP5 VCC
Added Member To Class: ClassName=Control Member=Component TP6 ADC VCC
Added Member To Class: ClassName=Control Member=Component TP7 VB
Added Member To Class: ClassName=Control Member=Component TP8 HO
Added Member To Class: ClassName=Control Member=Component TP9 PWM L
Added Member To Class: ClassName=Control Member=Component TP10 HIN
Added Member To Class: ClassName=Control Member=Component TP11 LIN
Added Member To Class: ClassName=Control Member=Component TP12 LO
Added Member To Class: ClassName=Control Member=Component TP13 PWM H
Added Member To Class: ClassName=Buck Member=Component TP14 VS
Added Member To Class: ClassName=Buck Member=Component TP15 Vo
Added Member To Class: ClassName=Buck Member=Component TP16 ADC Vo
Added Member To Class: ClassName=Buck2 Member=Component TP17 ADC I BUCK 2
Added Member To Class: ClassName=Buck2 Member=Component TP18 Vout Q4
Added Member To Class: ClassName=Buck2 Member=Component TP19 ADC V BUCK 2
Added Member To Class: ClassName=Buck2 Member=Component TP20 PWM BUCK 2
Added Room: Name=Buck2
Added Room: Name=Buck
Added Room: Name=Control
Added Room: Name=Fuente
Added Room: Name=Microcontrolador
