Removed Pin From Net: NetName=ADC_I_Exp Pin=P1-5
Removed Pin From Net: NetName=ADC_I_Exp Pin=P1-6
Removed Pin From Net: NetName=ADC_V_Exp Pin=P1-7
Removed Pin From Net: NetName=ADC_V_Exp Pin=P1-8
Removed Member From Class: ClassName=Microcontrolador Member=R12
Removed Member From Class: ClassName=Control Member=R17
Removed Member From Class: ClassName=Microcontrolador Member=R17
Added Pin To Net: NetName=ADC_V_Exp Pin=P1-5
Added Pin To Net: NetName=ADC_V_Exp Pin=P1-6
Added Pin To Net: NetName=ADC_I_Exp Pin=P1-7
Added Pin To Net: NetName=ADC_I_Exp Pin=P1-8
Added Member To Class: ClassName=Microcontrolador Member=Component R1 10K 5% 0805
Added Member To Class: ClassName=Microcontrolador Member=Component R3 10K 5% 0805
Added Member To Class: ClassName=Microcontrolador Member=Component R4 10K 5% 0805
Added Member To Class: ClassName=Microcontrolador Member=Component R5 10K 5% 0805
Added Member To Class: ClassName=Microcontrolador Member=Component R6 10K 5% 0805
Added Member To Class: ClassName=Microcontrolador Member=Component R7 1K 5% 0805
Added Member To Class: ClassName=Microcontrolador Member=Component R8 1K 5% 0805
Added Member To Class: ClassName=Microcontrolador Member=Component R9 1K 5% 0805
Added Member To Class: ClassName=Control Member=Component R10 100k 5% 0805
Added Member To Class: ClassName=Control Member=Component R11 18k 5% 0805
Added Member To Class: ClassName=Control Member=Component R13 25k 5% 0805
Added Member To Class: ClassName=Buck Member=Component R14 10 5% 0805
Added Member To Class: ClassName=Buck Member=Component R15 1k 5% 0805
