Added Component: Designator=C1(CAPSMD8x8.3)
Added Component: Designator=C2(CAPPOL1210)
Added Component: Designator=C3(CAPPOL1210)
Added Component: Designator=C4(CAPPOL1210)
Added Component: Designator=C5(CAPPOL1210)
Added Component: Designator=C6(0603)
Added Component: Designator=C7(0603)
Added Component: Designator=C8(0603)
Added Component: Designator=C9(0603)
Added Component: Designator=C10(0603)
Added Component: Designator=C11(0603)
Added Component: Designator=C12(0603)
Added Component: Designator=C13(0603)
Added Component: Designator=C14(0805)
Added Component: Designator=C15(0805)
Added Component: Designator=C16(0805)
Added Component: Designator=C?(0805)
Added Component: Designator=D1(4-plcc)
Added Component: Designator=D2(SOD123)
Added Component: Designator=D?(SOD123)
Added Component: Designator=DB1(MB10F)
Added Component: Designator=FIJ1(fijacion)
Added Component: Designator=FIJ2(fijacion)
Added Component: Designator=FIJ3(fijacion)
Added Component: Designator=FIJ4(fijacion)
Added Component: Designator=J1(Bornera2_DegsonH)
Added Component: Designator=J2(FTSH-105-01-XXX-DV-K)
Added Component: Designator=J3(JUMPER2)
Added Component: Designator=J4(Bornera2_DegsonH)
Added Component: Designator=J5(Bornera2_DegsonH)
Added Component: Designator=L1(BOBINA)
Added Component: Designator=L?(BOBINA)
Added Component: Designator=Q1(TO-220 H - DISIPADOR)
Added Component: Designator=Q?(TO-220 H - DISIPADOR)
Added Component: Designator=Q?(TO-220 H - DISIPADOR)
Added Component: Designator=Q?(TO-220 H - DISIPADOR)
Added Component: Designator=R1(0603)
Added Component: Designator=R2(0805)
Added Component: Designator=R3(0805)
Added Component: Designator=R4(0805)
Added Component: Designator=R5(RES400)
Added Component: Designator=R6(RES400)
Added Component: Designator=R7(RES400)
Added Component: Designator=R8(RES400)
Added Component: Designator=R?(RES400)
Added Component: Designator=U1(DPAK)
Add component (AddParameter): Name = "ComponentLink1Description"; Value = "Manufacturer Link"; VariantName = "[No Variations]"
Add component (AddParameter): Name = "ComponentLink1URL"; Value = "http://www.onsemi.com/site/products/taxonomy/0,4438,503,00.html"; VariantName = "[No Variations]"
Add component (AddParameter): Name = "ComponentLink2Description"; Value = "Datasheet"; VariantName = "[No Variations]"
Add component (AddParameter): Name = "ComponentLink2URL"; Value = "http://www.onsemi.com/pub/Collateral/MC78M00-D.PDF"; VariantName = "[No Variations]"
Add component (AddParameter): Name = "DatasheetVersion"; Value = "Apr-2000"; VariantName = "[No Variations]"
Add component (AddParameter): Name = "Note"; Value = "Pin 2 is electrically connected to Pin 4; Pin 2 is trimmed and not drawn;"; VariantName = "[No Variations]"
Add component (AddParameter): Name = "PackageDescription"; Value = "D-PAK/TO-252-AA; 3 Leads (1 Cropped); Body 10.3 (inc. leads) x 6.7 mm (LxW max)"; VariantName = "[No Variations]"
Add component (AddParameter): Name = "PackageReference"; Value = "369A-13"; VariantName = "[No Variations]"
Add component (AddParameter): Name = "PackageVersion"; Value = "1997"; VariantName = "[No Variations]"
Add component (AddParameter): Name = "Published"; Value = "15-Apr-2002"; VariantName = "[No Variations]"
Add component (AddParameter): Name = "Publisher"; Value = "Altium Limited"; VariantName = "[No Variations]"
Added Component: Designator=U2(SOT223)
Add component (AddParameter): Name = "ComponentLink1Description"; Value = "Manufacturer URL"; VariantName = "[No Variations]"
Add component (AddParameter): Name = "ComponentLink1URL"; Value = "http://www.linear.com/"; VariantName = "[No Variations]"
Add component (AddParameter): Name = "ComponentLink2Description"; Value = "Datasheet"; VariantName = "[No Variations]"
Add component (AddParameter): Name = "ComponentLink2URL"; Value = "http://cds.linear.com/docs/en/datasheet/1117fd.pdf"; VariantName = "[No Variations]"
Add component (AddParameter): Name = "ComponentLink3Description"; Value = "Package Specification"; VariantName = "[No Variations]"
Add component (AddParameter): Name = "ComponentLink3URL"; Value = "http://cds.linear.com/docs/en/packaging/SOT_3_05-08-1630.pdf"; VariantName = "[No Variations]"
Add component (AddParameter): Name = "DatasheetVersion"; Value = "Rev. D"; VariantName = "[No Variations]"
Add component (AddParameter): Name = "Discrete Pass Element"; Value = "no"; VariantName = "[No Variations]"
Add component (AddParameter): Name = "Dropout Voltage(V)"; Value = "1.1"; VariantName = "[No Variations]"
Add component (AddParameter): Name = "Iout(mA)"; Value = "800"; VariantName = "[No Variations]"
Add component (AddParameter): Name = "Isupply(mA)"; Value = "5"; VariantName = "[No Variations]"
Add component (AddParameter): Name = "Manufacturer"; Value = "Linear Technology"; VariantName = "[No Variations]"
Add component (AddParameter): Name = "Mounting Technology"; Value = "Surface Mount"; VariantName = "[No Variations]"
Add component (AddParameter): Name = "Number of Outputs"; Value = "1"; VariantName = "[No Variations]"
Add component (AddParameter): Name = "Output Voltage"; Value = "5 V"; VariantName = "[No Variations]"
Add component (AddParameter): Name = "PackageDescription"; Value = "3-Pin Plastic SOT-223, 3.505 x 6.505 mm Body, Pitch 2.3 mm"; VariantName = "[No Variations]"
Add component (AddParameter): Name = "PackageReference"; Value = "ST-3"; VariantName = "[No Variations]"
Add component (AddParameter): Name = "PackageVersion"; Value = "Jun-10"; VariantName = "[No Variations]"
Add component (AddParameter): Name = "PartNumber"; Value = "LT1117CST-5"; VariantName = "[No Variations]"
Add component (AddParameter): Name = "PSRR(dB)"; Value = "75"; VariantName = "[No Variations]"
Add component (AddParameter): Name = "RoHS"; Value = "FALSE"; VariantName = "[No Variations]"
Add component (AddParameter): Name = "Supplier 1"; Value = "Digi-Key"; VariantName = "[No Variations]"
Add component (AddParameter): Name = "Supplier 2"; Value = "Newark"; VariantName = "[No Variations]"
Add component (AddParameter): Name = "Supplier Part Number 1"; Value = "LT1117CST-5-ND"; VariantName = "[No Variations]"
Add component (AddParameter): Name = "Supplier Part Number 2"; Value = "57M1801"; VariantName = "[No Variations]"
Add component (AddParameter): Name = "Vin Max(V)"; Value = "15"; VariantName = "[No Variations]"
Add component (AddParameter): Name = "Vin Min(V)"; Value = "2.45"; VariantName = "[No Variations]"
Added Component: Designator=U3(SOT223)
Add component (AddParameter): Name = "ComponentLink1Description"; Value = "Manufacturer URL"; VariantName = "[No Variations]"
Add component (AddParameter): Name = "ComponentLink1URL"; Value = "http://www.linear.com/"; VariantName = "[No Variations]"
Add component (AddParameter): Name = "ComponentLink2Description"; Value = "Datasheet"; VariantName = "[No Variations]"
Add component (AddParameter): Name = "ComponentLink2URL"; Value = "http://cds.linear.com/docs/en/datasheet/1117fd.pdf"; VariantName = "[No Variations]"
Add component (AddParameter): Name = "ComponentLink3Description"; Value = "Package Specification"; VariantName = "[No Variations]"
Add component (AddParameter): Name = "ComponentLink3URL"; Value = "http://cds.linear.com/docs/en/packaging/SOT_3_05-08-1630.pdf"; VariantName = "[No Variations]"
Add component (AddParameter): Name = "DatasheetVersion"; Value = "Rev. D"; VariantName = "[No Variations]"
Add component (AddParameter): Name = "Discrete Pass Element"; Value = "no"; VariantName = "[No Variations]"
Add component (AddParameter): Name = "Dropout Voltage(V)"; Value = "1.1"; VariantName = "[No Variations]"
Add component (AddParameter): Name = "Iout(mA)"; Value = "800"; VariantName = "[No Variations]"
Add component (AddParameter): Name = "Isupply(mA)"; Value = "5"; VariantName = "[No Variations]"
Add component (AddParameter): Name = "Manufacturer"; Value = "Linear Technology"; VariantName = "[No Variations]"
Add component (AddParameter): Name = "Mounting Technology"; Value = "Surface Mount"; VariantName = "[No Variations]"
Add component (AddParameter): Name = "Number of Outputs"; Value = "1"; VariantName = "[No Variations]"
Add component (AddParameter): Name = "Output Voltage"; Value = "3.3 V"; VariantName = "[No Variations]"
Add component (AddParameter): Name = "PackageDescription"; Value = "3-Pin Plastic SOT-223, 3.505 x 6.505 mm Body, Pitch 2.3 mm"; VariantName = "[No Variations]"
Add component (AddParameter): Name = "PackageReference"; Value = "ST-3"; VariantName = "[No Variations]"
Add component (AddParameter): Name = "PackageVersion"; Value = "Jun-10"; VariantName = "[No Variations]"
Add component (AddParameter): Name = "PartNumber"; Value = "LT1117CST-3.3"; VariantName = "[No Variations]"
Add component (AddParameter): Name = "PSRR(dB)"; Value = "75"; VariantName = "[No Variations]"
Add component (AddParameter): Name = "RoHS"; Value = "FALSE"; VariantName = "[No Variations]"
Add component (AddParameter): Name = "Supplier 1"; Value = "Digi-Key"; VariantName = "[No Variations]"
Add component (AddParameter): Name = "Supplier 2"; Value = "Newark"; VariantName = "[No Variations]"
Add component (AddParameter): Name = "Supplier Part Number 1"; Value = "LT1117CST-3.3-ND"; VariantName = "[No Variations]"
Add component (AddParameter): Name = "Supplier Part Number 2"; Value = "57M1797"; VariantName = "[No Variations]"
Add component (AddParameter): Name = "Vin Max(V)"; Value = "15"; VariantName = "[No Variations]"
Add component (AddParameter): Name = "Vin Min(V)"; Value = "2.45"; VariantName = "[No Variations]"
Added Component: Designator=U4(LQFP64)
Added Component: Designator=U5(SOIC8)
Added Component: Designator=Y1(ABS07_Xtal)
Added Pin To Net: NetName=+3.3V Pin=C5-1
Added Pin To Net: NetName=+3.3V Pin=C14-1
Added Pin To Net: NetName=+3.3V Pin=D1-A
Added Pin To Net: NetName=+3.3V Pin=U3-2
Added Pin To Net: NetName=+3.3V Pin=U3-4
Added Pin To Net: NetName=+3.3V Pin=U5-8
Added Net: Name=+3.3V
Added Pin To Net: NetName=+5V Pin=C3-1
Added Pin To Net: NetName=+5V Pin=C4-1
Added Pin To Net: NetName=+5V Pin=U2-2
Added Pin To Net: NetName=+5V Pin=U2-4
Added Pin To Net: NetName=+5V Pin=U3-3
Added Net: Name=+5V
Added Pin To Net: NetName=+12V Pin=C2-1
Added Pin To Net: NetName=+12V Pin=Q?-2
Added Pin To Net: NetName=+12V Pin=U1-3
Added Pin To Net: NetName=+12V Pin=U2-3
Added Net: Name=+12V
Added Pin To Net: NetName=ADC_Icc Pin=C15-1
Added Pin To Net: NetName=ADC_Icc Pin=U4-14
Added Pin To Net: NetName=ADC_Icc Pin=U5-7
Added Net: Name=ADC_Icc
Added Pin To Net: NetName=ADC_Vcc Pin=R5-1
Added Pin To Net: NetName=ADC_Vcc Pin=R6-2
Added Pin To Net: NetName=ADC_Vcc Pin=U4-15
Added Net: Name=ADC_Vcc
Added Pin To Net: NetName=ADC_Vo Pin=R7-1
Added Pin To Net: NetName=ADC_Vo Pin=R8-2
Added Pin To Net: NetName=ADC_Vo Pin=U4-12
Added Net: Name=ADC_Vo
Added Pin To Net: NetName=GND Pin=C1-2
Added Pin To Net: NetName=GND Pin=C2-2
Added Pin To Net: NetName=GND Pin=C3-2
Added Pin To Net: NetName=GND Pin=C4-2
Added Pin To Net: NetName=GND Pin=C5-2
Added Pin To Net: NetName=GND Pin=C6-2
Added Pin To Net: NetName=GND Pin=C7-2
Added Pin To Net: NetName=GND Pin=C8-1
Added Pin To Net: NetName=GND Pin=C9-1
Added Pin To Net: NetName=GND Pin=C10-2
Added Pin To Net: NetName=GND Pin=C11-2
Added Pin To Net: NetName=GND Pin=C12-2
Added Pin To Net: NetName=GND Pin=C13-2
Added Pin To Net: NetName=GND Pin=C14-2
Added Pin To Net: NetName=GND Pin=C15-2
Added Pin To Net: NetName=GND Pin=C?-2
Added Pin To Net: NetName=GND Pin=D?-1
Added Pin To Net: NetName=GND Pin=DB1-4
Added Pin To Net: NetName=GND Pin=FIJ1-0
Added Pin To Net: NetName=GND Pin=FIJ2-0
Added Pin To Net: NetName=GND Pin=FIJ3-0
Added Pin To Net: NetName=GND Pin=FIJ4-0
Added Pin To Net: NetName=GND Pin=J2-3
Added Pin To Net: NetName=GND Pin=J2-5
Added Pin To Net: NetName=GND Pin=J4-2
Added Pin To Net: NetName=GND Pin=J5-2
Added Pin To Net: NetName=GND Pin=Q?-3
Added Pin To Net: NetName=GND Pin=R6-1
Added Pin To Net: NetName=GND Pin=R8-1
Added Pin To Net: NetName=GND Pin=U2-1
Added Pin To Net: NetName=GND Pin=U3-1
Added Pin To Net: NetName=GND Pin=U4-9
Added Pin To Net: NetName=GND Pin=U4-20
Added Pin To Net: NetName=GND Pin=U4-21
Added Pin To Net: NetName=GND Pin=U4-25
Added Pin To Net: NetName=GND Pin=U4-55
Added Pin To Net: NetName=GND Pin=U5-5
Added Pin To Net: NetName=GND Pin=U5-6
Added Net: Name=GND
Added Pin To Net: NetName=NetC1_1 Pin=C1-1
Added Pin To Net: NetName=NetC1_1 Pin=DB1-3
Added Pin To Net: NetName=NetC1_1 Pin=U1-1
Added Net: Name=NetC1_1
Added Pin To Net: NetName=NetC6_1 Pin=C6-1
Added Pin To Net: NetName=NetC6_1 Pin=U4-33
Added Pin To Net: NetName=NetC6_1 Pin=Y1-2
Added Net: Name=NetC6_1
Added Pin To Net: NetName=NetC7_1 Pin=C7-1
Added Pin To Net: NetName=NetC7_1 Pin=U4-35
Added Pin To Net: NetName=NetC7_1 Pin=Y1-1
Added Net: Name=NetC7_1
Added Pin To Net: NetName=NetC13_1 Pin=C13-1
Added Pin To Net: NetName=NetC13_1 Pin=J3-2
Added Pin To Net: NetName=NetC13_1 Pin=R1-1
Added Net: Name=NetC13_1
Added Pin To Net: NetName=NetC16_2 Pin=C16-2
Added Pin To Net: NetName=NetC16_2 Pin=D2-1
Added Net: Name=NetC16_2
Added Pin To Net: NetName=NetD1_B Pin=D1-B
Added Pin To Net: NetName=NetD1_B Pin=R2-2
Added Net: Name=NetD1_B
Added Pin To Net: NetName=NetD1_G Pin=D1-G
Added Pin To Net: NetName=NetD1_G Pin=R3-2
Added Net: Name=NetD1_G
Added Pin To Net: NetName=NetD1_R Pin=D1-R
Added Pin To Net: NetName=NetD1_R Pin=R4-2
Added Net: Name=NetD1_R
Added Pin To Net: NetName=NetD2_2 Pin=D2-2
Added Pin To Net: NetName=NetD2_2 Pin=L1-1
Added Pin To Net: NetName=NetD2_2 Pin=Q1-3
Added Net: Name=NetD2_2
Added Pin To Net: NetName=NetD?_2 Pin=D?-2
Added Pin To Net: NetName=NetD?_2 Pin=L?-1
Added Pin To Net: NetName=NetD?_2 Pin=Q?-3
Added Net: Name=NetD?_2
Added Pin To Net: NetName=NetDB1_1 Pin=DB1-1
Added Pin To Net: NetName=NetDB1_1 Pin=J1-2
Added Net: Name=NetDB1_1
Added Pin To Net: NetName=NetDB1_2 Pin=DB1-2
Added Pin To Net: NetName=NetDB1_2 Pin=J1-1
Added Net: Name=NetDB1_2
Added Pin To Net: NetName=NetQ?_1 Pin=Q?-1
Added Pin To Net: NetName=NetQ?_1 Pin=Q?-1
Added Pin To Net: NetName=NetQ?_1 Pin=R?-1
Added Net: Name=NetQ?_1
Added Pin To Net: NetName=PWM Pin=Q1-1
Added Pin To Net: NetName=PWM Pin=R?-2
Added Pin To Net: NetName=PWM Pin=U4-39
Added Net: Name=PWM
Added Pin To Net: NetName=RGB_B Pin=R2-1
Added Pin To Net: NetName=RGB_B Pin=U4-60
Added Net: Name=RGB_B
Added Pin To Net: NetName=RGB_G Pin=R3-1
Added Pin To Net: NetName=RGB_G Pin=U4-59
Added Net: Name=RGB_G
Added Pin To Net: NetName=RGB_R Pin=R4-1
Added Pin To Net: NetName=RGB_R Pin=U4-58
Added Net: Name=RGB_R
Added Pin To Net: NetName=RST_TGTMCU Pin=J2-10
Added Pin To Net: NetName=RST_TGTMCU Pin=J3-1
Added Pin To Net: NetName=RST_TGTMCU Pin=U4-64
Added Net: Name=RST_TGTMCU
Added Pin To Net: NetName=SWD_CLK Pin=J2-4
Added Pin To Net: NetName=SWD_CLK Pin=U4-52
Added Net: Name=SWD_CLK
Added Pin To Net: NetName=SWD_IO Pin=J2-2
Added Pin To Net: NetName=SWD_IO Pin=U4-53
Added Net: Name=SWD_IO
Added Pin To Net: NetName=VCC Pin=J4-1
Added Pin To Net: NetName=VCC Pin=R5-2
Added Pin To Net: NetName=VCC Pin=U5-1
Added Pin To Net: NetName=VCC Pin=U5-2
Added Net: Name=VCC
Added Pin To Net: NetName=VDD Pin=C8-2
Added Pin To Net: NetName=VDD Pin=C9-2
Added Pin To Net: NetName=VDD Pin=C10-1
Added Pin To Net: NetName=VDD Pin=C11-1
Added Pin To Net: NetName=VDD Pin=C12-1
Added Pin To Net: NetName=VDD Pin=J2-1
Added Pin To Net: NetName=VDD Pin=R1-2
Added Pin To Net: NetName=VDD Pin=U4-8
Added Pin To Net: NetName=VDD Pin=U4-22
Added Pin To Net: NetName=VDD Pin=U4-23
Added Pin To Net: NetName=VDD Pin=U4-24
Added Pin To Net: NetName=VDD Pin=U4-34
Added Pin To Net: NetName=VDD Pin=U4-56
Added Net: Name=VDD
Added Pin To Net: NetName=Vo Pin=C16-1
Added Pin To Net: NetName=Vo Pin=C?-1
Added Pin To Net: NetName=Vo Pin=J5-1
Added Pin To Net: NetName=Vo Pin=L1-2
Added Pin To Net: NetName=Vo Pin=L?-2
Added Pin To Net: NetName=Vo Pin=R7-2
Added Net: Name=Vo
Added Pin To Net: NetName=Vs Pin=Q1-2
Added Pin To Net: NetName=Vs Pin=Q?-2
Added Pin To Net: NetName=Vs Pin=U5-3
Added Pin To Net: NetName=Vs Pin=U5-4
Added Net: Name=Vs
Added Class: Name=Buck
Added Class: Name=Control
Added Class: Name=Fuente
Added Class: Name=Microcontrolador
Added Room: Name=Buck
Added Room: Name=Control
Added Room: Name=Fuente
Added Room: Name=Microcontrolador
