Added Component: Designator=3.3v(TPTH)
Added Component: Designator=12v(TPTH)
Added Component: Designator=ADC VCC(TPTH)
Added Component: Designator=uC - PWM H(TPTH)
Added Component: Designator=uC - PWM L(TPTH)
Added Component: Designator=Vbat(TPTH)
Added Component: Designator=VS(TPTH)
Added Pin To Net: NetName=+3.3V Pin=3.3v-1
Added Pin To Net: NetName=+12V Pin=12v-1
Added Pin To Net: NetName=ADC_Vcc Pin=ADC VCC-1
Added Pin To Net: NetName=PWM_2 Pin=uC - PWM H-1
Added Pin To Net: NetName=PWM_1 Pin=uC - PWM L-1
Added Pin To Net: NetName=Vbat Pin=Vbat-1
Added Pin To Net: NetName=NetC19_1 Pin=VS-1
Change Net Name : Old Net Name=NetHO_1 New Net Name=NetR14_2
Change Net Name : Old Net Name=NetLO_1 New Net Name=NetR17_2
Added Member To Class: ClassName=Fuente Member=Component 3.3v
Added Member To Class: ClassName=Fuente Member=Component 12v
Added Member To Class: ClassName=Control Member=Component ADC VCC
Added Member To Class: ClassName=Microcontrolador Member=Component ASM1 Fiducial
Added Member To Class: ClassName=Microcontrolador Member=Component ASM2 Fiducial
Added Member To Class: ClassName=Microcontrolador Member=Component ASM4 Fiducial
Added Member To Class: ClassName=Control Member=Component C0 1mF 35V UWT
Added Member To Class: ClassName=Fuente Member=Component C1 0.1uF 25V X7R
Added Member To Class: ClassName=Fuente Member=Component C2 100uF 35V Electrolítico
Added Member To Class: ClassName=Fuente Member=Component C3 100uF 35V Electrolítico
Added Member To Class: ClassName=Fuente Member=Component C4 10uF 35V Electrolítico
Added Member To Class: ClassName=Fuente Member=Component C5 0.1uF 25V X7R
Added Member To Class: ClassName=Fuente Member=Component C6 0.1uF 25V X7R
Added Member To Class: ClassName=Fuente Member=Component C7 10uF 35V Electrolítico
Added Member To Class: ClassName=Microcontrolador Member=Component C8 18pF 25V COG
Added Member To Class: ClassName=Microcontrolador Member=Component C9 18pF 25V COG
Added Member To Class: ClassName=Microcontrolador Member=Component C10 0.1uF 10v X7R
Added Member To Class: ClassName=Microcontrolador Member=Component C11 0.1uF 10v X7R
Added Member To Class: ClassName=Microcontrolador Member=Component C12 0.1uF 10v X7R
Added Member To Class: ClassName=Microcontrolador Member=Component C13 0.1uF 10v X7R
Added Member To Class: ClassName=Microcontrolador Member=Component C14 0.1uF 10v X7R
Added Member To Class: ClassName=Microcontrolador Member=Component C15 0.1uF 25v X7R
Added Member To Class: ClassName=Control Member=Component C16 47nF 25V X7R
Added Member To Class: ClassName=Control Member=Component C17 4.7nF 25V X7R
Added Member To Class: ClassName=Control Member=Component C18 6.8pF 25V X7R
Added Member To Class: ClassName=Control Member=Component C19 0.1uF 50V X7R
Added Member To Class: ClassName=Control Member=Component C20 0.1uF 50V X7R
Added Member To Class: ClassName=Buck Member=Component C22 6.8pF 25V X7R
Added Member To Class: ClassName=Buck2 Member=Component C23 47nF 25V X7R
Added Member To Class: ClassName=Buck2 Member=Component C24 4.7nF 25V X7R
Added Member To Class: ClassName=Buck2 Member=Component C26 6.8pF 25V X7R
Added Member To Class: ClassName=Control Member=Component C27 0.1uF 50V X7R
Added Member To Class: ClassName=Microcontrolador Member=Component D1 CLV1L-FKB
Added Member To Class: ClassName=Control Member=Component D2 1A - 1000V - MLA621433055
Added Member To Class: ClassName=Buck2 Member=Component D4 100V - 8A - DO-214AA
Added Member To Class: ClassName=Control Member=Component DZ1 3.3V - MMSZ5226B-AU
Added Member To Class: ClassName=Buck Member=Component DZ2 3.3V - MMSZ5226B-AU
Added Member To Class: ClassName=Buck2 Member=Component DZ3 3.3V - MMSZ5226B-AU
Added Member To Class: ClassName=Microcontrolador Member=Component J1 JTAG/SWD Programmer
Added Member To Class: ClassName=Microcontrolador Member=Component J2 JUMPER
Added Member To Class: ClassName=Control Member=Component J3 2EDGR-5.08-02P
Added Member To Class: ClassName=Control Member=Component J4 2EDGR-5.08-02P
Added Member To Class: ClassName=Control Member=Component J7 Pines 2.54mm
Added Member To Class: ClassName=Fuente Member=Component L1 100 uH - SRR1210-101M 
Added Member To Class: ClassName=Buck Member=Component L2 HCTI-220-5.8
Added Member To Class: ClassName=Buck2 Member=Component L3 HCTI-220-5.8
Added Member To Class: ClassName=Control Member=Component Q1 2N7002-7-F
Added Member To Class: ClassName=Buck2 Member=Component Q5 BC817 - SOT23
Added Member To Class: ClassName=Buck2 Member=Component Q6 BC817 - SOT23
Added Member To Class: ClassName=Buck2 Member=Component Q7 BC807 - SOT23
Added Member To Class: ClassName=Microcontrolador Member=Component R1 10K 5%
Added Member To Class: ClassName=Microcontrolador Member=Component R2 10K 5%
Added Member To Class: ClassName=Microcontrolador Member=Component R3 10K 5%
Added Member To Class: ClassName=Microcontrolador Member=Component R4 10K 5%
Added Member To Class: ClassName=Microcontrolador Member=Component R5 10K 5%
Added Member To Class: ClassName=Microcontrolador Member=Component R6 10K 5%
Added Member To Class: ClassName=Microcontrolador Member=Component R7 1K 5%
Added Member To Class: ClassName=Microcontrolador Member=Component R8 1K 5%
Added Member To Class: ClassName=Microcontrolador Member=Component R9 1K 5%
Added Member To Class: ClassName=Control Member=Component R10 68k 5%
Added Member To Class: ClassName=Control Member=Component R11 10k 5%
Added Member To Class: ClassName=Control Member=Component R12 1k 5%
Added Member To Class: ClassName=Control Member=Component R13 10 5%
Added Member To Class: ClassName=Buck Member=Component R14 10 5%
Added Member To Class: ClassName=Buck Member=Component R16 47k 5%
Added Member To Class: ClassName=Buck Member=Component R17 10 5%
Added Member To Class: ClassName=Buck Member=Component R18 10k 5%
Added Member To Class: ClassName=Buck Member=Component R19 1k 5%
Added Member To Class: ClassName=Buck2 Member=Component R20 10 5%
Added Member To Class: ClassName=Buck2 Member=Component R21 4.7k 5%
Added Member To Class: ClassName=Control Member=Component R22 1k 5%
Added Member To Class: ClassName=Buck2 Member=Component R23 39k 5%
Added Member To Class: ClassName=Buck2 Member=Component R24 10k 5%
Added Member To Class: ClassName=Buck2 Member=Component R25 1K 5%
Added Member To Class: ClassName=Control Member=Component R26 10 5%
Added Member To Class: ClassName=Control Member=Component R27 10 5%
Added Member To Class: ClassName=Control Member=Component R28 1k 5%
Added Member To Class: ClassName=Control Member=Component R29 1k 5%
Added Member To Class: ClassName=Control Member=Component R30 1k 5%
Added Member To Class: ClassName=Control Member=Component R31 1k 5%
Added Member To Class: ClassName=Control Member=Component TVS1 ESD5621WXX - SOD323
Added Member To Class: ClassName=Control Member=Component TVS2 ESD5621WXX - SOD323
Added Member To Class: ClassName=Fuente Member=Component U1 LT1117CST-3.3
Added Member To Class: ClassName=Microcontrolador Member=Component U2 LPC5441
Added Member To Class: ClassName=Control Member=Component U3 TMCS1108A4BQDR
Added Member To Class: ClassName=Control Member=Component U4 IR2110S
Added Member To Class: ClassName=Buck2 Member=Component U5 TMCS1108A4BQDR
Added Member To Class: ClassName=Control Member=Component uC - PWM H PWM L
Added Member To Class: ClassName=Control Member=Component uC - PWM L PWM H
Added Member To Class: ClassName=Fuente Member=Component Vbat
Added Member To Class: ClassName=Buck Member=Component VS
Added Member To Class: ClassName=Microcontrolador Member=Component Y1 32.768 kHz - ABS07
Added Room: Name=Buck2
Added Room: Name=Buck
Added Room: Name=Control
Added Room: Name=Fuente
Added Room: Name=Microcontrolador
