Change Component Footprint: Designator=D4 Old Footprint=SOD123 New Footprint=SMBK
Change Component Comment : Designator=C1 Old Comment=0.1uF 25V 0805 New Comment=0.1uF 25V
Change Component Comment : Designator=C5 Old Comment=0.1uF 25V 0805 New Comment=0.1uF 25V
Change Component Comment : Designator=C6 Old Comment=0.1uF 25V 0805 New Comment=0.1uF 25V
Change Component Comment : Designator=C10 Old Comment=0.1uF New Comment=0.1uF 25v X7R
Change Component Comment : Designator=C11 Old Comment=0.1uF New Comment=0.1uF 25v X7R
Change Component Comment : Designator=C12 Old Comment=0.1uF New Comment=0.1uF 25v X7R
Change Component Comment : Designator=C13 Old Comment=0.1uF New Comment=0.1uF 25v X7R
Change Component Comment : Designator=C14 Old Comment=0.1uF New Comment=0.1uF 25v X7R
Change Component Comment : Designator=C15 Old Comment=0.1uF New Comment=0.1uF 25v X7R
Change Component Comment : Designator=C19 Old Comment=0.1uF New Comment=0.1uF 50V X7R
Change Component Comment : Designator=C20 Old Comment=0.1uF New Comment=0.1uF 50V X7R
Change Component Comment : Designator=C27 Old Comment=0.1uF New Comment=0.1uF 50V X7R
Change Component Comment : Designator=R7 Old Comment=1K 5% 0805 New Comment=1K 5%
Change Component Comment : Designator=R8 Old Comment=1K 5% 0805 New Comment=1K 5%
Change Component Comment : Designator=R9 Old Comment=1K 5% 0805 New Comment=1K 5%
Change Component Comment : Designator=R12 Old Comment=1k 5% 0805 New Comment=1k 5%
Change Component Comment : Designator=R15 Old Comment=1k 5% 0805 New Comment=1k 5%
Change Component Comment : Designator=R19 Old Comment=1k 5% 0805 New Comment=1k 5%
Change Component Comment : Designator=R22 Old Comment=1k 5% 0805 New Comment=1k 5%
Change Component Comment : Designator=R25 Old Comment=1K 5% 0805 New Comment=1K 5%
Change Component Comment : Designator=R28 Old Comment=1k 5% 0805 New Comment=1k 5%
Change Component Comment : Designator=R29 Old Comment=1k 5% 0805 New Comment=1k 5%
Change Component Comment : Designator=R30 Old Comment=1k 5% 0805 New Comment=1k 5%
Change Component Comment : Designator=R31 Old Comment=1k 5% 0805 New Comment=1k 5%
Change Component Comment : Designator=C0 Old Comment=1mF New Comment=1mF 35V UWT
Change Component Comment : Designator=R21 Old Comment=4.7k 5% 0805 New Comment=4.7k 5%
Change Component Comment : Designator=C17 Old Comment=4.7nF New Comment=4.7nF 25V X7R
Change Component Comment : Designator=C24 Old Comment=4.7nF New Comment=4.7nF 25V X7R
Change Component Comment : Designator=C18 Old Comment=6.8pF New Comment=6.8pF 25V X7R
Change Component Comment : Designator=C22 Old Comment=6.8pF New Comment=6.8pF 25V X7R
Change Component Comment : Designator=C26 Old Comment=6.8pF New Comment=6.8pF 25V X7R
Change Component Comment : Designator=C21 Old Comment=7.5uF New Comment=7.5uF 450V - ULV2W7R5MNL1GS
Change Component Comment : Designator=R1 Old Comment=10K 5% 0805 New Comment=10K 5%
Change Component Comment : Designator=R2 Old Comment=10K 5% 0805 New Comment=10K 5%
Change Component Comment : Designator=R3 Old Comment=10K 5% 0805 New Comment=10K 5%
Change Component Comment : Designator=R4 Old Comment=10K 5% 0805 New Comment=10K 5%
Change Component Comment : Designator=R5 Old Comment=10K 5% 0805 New Comment=10K 5%
Change Component Comment : Designator=R6 Old Comment=10K 5% 0805 New Comment=10K 5%
Change Component Comment : Designator=R11 Old Comment=10k 5% 0805 New Comment=10k 5%
Change Component Comment : Designator=R18 Old Comment=10k 5% 0805 New Comment=10k 5%
Change Component Comment : Designator=R24 Old Comment=10k 5% 0805 New Comment=10k 5%
Change Component Comment : Designator=C8 Old Comment=18pF New Comment=18pF 25V COG
Change Component Comment : Designator=C9 Old Comment=18pF New Comment=18pF 25V COG
Change Component Comment : Designator=R23 Old Comment=39k 5% 0805 New Comment=39k 5%
Change Component Comment : Designator=R16 Old Comment=47k 5% 0805 New Comment=47k 5%
Change Component Comment : Designator=C16 Old Comment=47nF New Comment=47nF 25V X7R
Change Component Comment : Designator=C23 Old Comment=47nF New Comment=47nF 25V X7R
Change Component Comment : Designator=R10 Old Comment=68k 5% 0805 New Comment=68k 5%
Change Component Comment : Designator=L1 Old Comment=100uHy New Comment=SRR1210-101M 
Change Component Comment : Designator=R13 Old Comment=10 5% 0805 New Comment=10 5%
Change Component Comment : Designator=R14 Old Comment=10 5% 0805 New Comment=10 5%
Change Component Comment : Designator=R17 Old Comment=10 5% 0805 New Comment=10 5%
Change Component Comment : Designator=R20 Old Comment=10 5% 0805 New Comment=10 5%
Change Component Comment : Designator=R26 Old Comment=10 5% 0805 New Comment=10 5%
Change Component Comment : Designator=R27 Old Comment=10 5% 0805 New Comment=10 5%
Change Component Comment : Designator=U1 Old Comment=1117-3.3V New Comment=LT1117CST-3.3
Change Component Comment : Designator=D4 Old Comment=DIODO New Comment=100V - 8A - DO-214AA
Change Component Comment : Designator=L2 Old Comment=INDUCTOR New Comment=HCTI-220-5.8
Change Component Comment : Designator=L3 Old Comment=INDUCTOR New Comment=HCTI-220-5.8
Change Component Comment : Designator=U4 Old Comment=IR2110 16 New Comment=IR2110S - SOIC
Change Component Comment : Designator=D3 Old Comment=M7 New Comment=1000V 1A DO214AC SMA
Change Component Comment : Designator=TVS1 Old Comment=Transient Voltage Supressor New Comment=ESD5621WXX - SOD323
Change Component Comment : Designator=TVS2 Old Comment=Transient Voltage Supressor New Comment=ESD5621WXX - SOD323
Change Component Comment : Designator=DZ2 Old Comment=TVS 3.3V New Comment=3.3V - SOD123 - MMSZ5226B-AU
Change Component Comment : Designator=DZ3 Old Comment=TVS 3.3V New Comment=3.3V - SOD123 - MMSZ5226B-AU
Added Component: Designator=ASM1(Fiducial)
Added Member To Class: ClassName=Microcontrolador Member=Component ASM1 Fiducial
Added Room: Name=Buck2
Added Room: Name=Buck
Added Room: Name=Control
Added Room: Name=Fuente
Added Room: Name=Microcontrolador
