Added Component: Designator=C1(C_0805)
Added Component: Designator=C2(C_0805)
Added Component: Designator=C3(C_0805)
Added Component: Designator=C4(C_0805)
Added Component: Designator=C5(C_0805)
Added Component: Designator=C6(C_RAD_0.135_H_8X12_S)
Added Component: Designator=C7(C_0805)
Added Component: Designator=C8(C_0805)
Added Component: Designator=C9(C_0805)
Added Component: Designator=C10(C_0805)
Added Component: Designator=C11(C_0805)
Added Component: Designator=C12(C_0805)
Added Component: Designator=C13(C_0805)
Added Component: Designator=C14(C_0805)
Added Component: Designator=C15(C_0805)
Added Component: Designator=C16(C_0805)
Added Component: Designator=C17(C_0805)
Added Component: Designator=C18(C_0805)
Added Component: Designator=C19(C_0805)
Added Component: Designator=C20(C_0805)
Added Component: Designator=C21(C_0805)
Added Component: Designator=CN1(TerminalBlock_1x3_P5mm)
Added Component: Designator=CN2(PJ002B)
Added Component: Designator=CN3(Header_M_1x5_0.1")
Added Component: Designator=D1(D_0805)
Added Component: Designator=D2(D_0805)
Added Component: Designator=D3(D_0805)
Added Component: Designator=D4(D_SMA)
Add Component: Footprint Not Found Diode SOD-123
Added Component: Designator=D6(D_0805)
Added Component: Designator=L1(LQH44)
Added Component: Designator=P1(C_1206)
Added Component: Designator=Q1(SOT_23)
Added Component: Designator=R1(R_0805)
Added Component: Designator=R2(R_0805)
Added Component: Designator=R3(R_0805)
Added Component: Designator=R4(R_0805)
Added Component: Designator=R5(R_0805)
Add Component: Footprint Not Found R_0805
Added Component: Designator=R7(R_0805)
Added Component: Designator=R8(R_0805)
Added Component: Designator=R9(R_0805)
Added Component: Designator=R10(R_0805)
Added Component: Designator=R11(R_0805)
Added Component: Designator=R13(R_0805)
Added Component: Designator=RL1(943-1C)
Added Component: Designator=U1(ESP12F)
Added Component: Designator=U2(SOT23-6)
Added Component: Designator=U3(LQFP_64)
Added Component: Designator=X1(AB26TQF)
Added Component: Designator=X2(AB26TQF)
Added Pin To Net: NetName=GND Pin=C1-1
Added Pin To Net: NetName=RST Wifi Pin=C1-2
Added Pin To Net: NetName=GND Pin=C2-1
Added Pin To Net: NetName=+3.3V Pin=C2-2
Added Pin To Net: NetName=GND Pin=C3-1
Added Pin To Net: NetName=+3.3V Pin=C3-2
Added Pin To Net: NetName=NetC4_1 Pin=C4-1
Added Pin To Net: NetName=NetC4_2 Pin=C4-2
Added Pin To Net: NetName=GND Pin=C5-1
Added Pin To Net: NetName=+Vin Pin=C5-2
Added Pin To Net: NetName=+Vin Pin=C6-1
Added Pin To Net: NetName=GND Pin=C6-2
Added Pin To Net: NetName=GND Pin=C7-1
Added Pin To Net: NetName=+Vin Pin=C7-2
Added Pin To Net: NetName=GND Pin=C8-1
Added Pin To Net: NetName=+3.3V Pin=C8-2
Added Pin To Net: NetName=GND Pin=C9-1
Added Pin To Net: NetName=+3.3V Pin=C9-2
Added Pin To Net: NetName=+3.3V Pin=C10-1
Added Pin To Net: NetName=GND Pin=C10-2
Added Pin To Net: NetName=SWIO Pin=C11-1
Added Pin To Net: NetName=GND Pin=C11-2
Added Pin To Net: NetName=+3.3V Pin=C12-1
Added Pin To Net: NetName=GND Pin=C12-2
Added Pin To Net: NetName=+3.3V Pin=C13-1
Added Pin To Net: NetName=GND Pin=C13-2
Added Pin To Net: NetName=+3.3V Pin=C14-1
Added Pin To Net: NetName=GND Pin=C14-2
Added Pin To Net: NetName=+3.3V Pin=C15-1
Added Pin To Net: NetName=GND Pin=C15-2
Added Pin To Net: NetName=NetC16_1 Pin=C16-1
Added Pin To Net: NetName=GND Pin=C16-2
Added Pin To Net: NetName=NetC17_1 Pin=C17-1
Added Pin To Net: NetName=GND Pin=C17-2
Added Pin To Net: NetName=+3.3V Pin=C18-1
Added Pin To Net: NetName=GND Pin=C18-2
Added Pin To Net: NetName=NetC19_1 Pin=C19-1
Added Pin To Net: NetName=GND Pin=C19-2
Added Pin To Net: NetName=NetC20_1 Pin=C20-1
Added Pin To Net: NetName=GND Pin=C20-2
Added Pin To Net: NetName=NetC21_1 Pin=C21-1
Added Pin To Net: NetName=GND Pin=C21-2
Added Pin To Net: NetName=NA1 Pin=CN1-1
Added Pin To Net: NetName=Com1 Pin=CN1-2
Added Pin To Net: NetName=NC1 Pin=CN1-3
Added Pin To Net: NetName=+24V Pin=CN2-1
Added Pin To Net: NetName=GND Pin=CN2-2
Added Pin To Net: NetName=GND Pin=CN2-3
Added Pin To Net: NetName=+3.3V Pin=CN3-1
Added Pin To Net: NetName=NRST Pin=CN3-2
Added Pin To Net: NetName=SWIO Pin=CN3-3
Added Pin To Net: NetName=SWCLK Pin=CN3-4
Added Pin To Net: NetName=GND Pin=CN3-5
Added Pin To Net: NetName=NetD1_1 Pin=D1-1
Added Pin To Net: NetName=+Vin Pin=D1-2
Added Pin To Net: NetName=+24V Pin=D2-1
Added Pin To Net: NetName=NetD2_2 Pin=D2-2
Added Pin To Net: NetName=+3.3V Pin=D3-1
Added Pin To Net: NetName=NetC4_2 Pin=D3-2
Added Pin To Net: NetName=GND Pin=D4-1
Added Pin To Net: NetName=+Vin Pin=D4-2
Add Pin To Net: Unknown Pin: Pin D5-1
Add Pin To Net: Unknown Pin: Pin D5-2
Added Pin To Net: NetName=NetD6_1 Pin=D6-1
Added Pin To Net: NetName=GND Pin=D6-2
Added Pin To Net: NetName=NetC4_1 Pin=L1-1
Added Pin To Net: NetName=+3.3V Pin=L1-2
Added Pin To Net: NetName=+Vin Pin=P1-1
Added Pin To Net: NetName=NetD2_2 Pin=P1-2
Added Pin To Net: NetName=NetQ1_1 Pin=Q1-1
Added Pin To Net: NetName=GND Pin=Q1-2
Added Pin To Net: NetName=NetD1_1 Pin=Q1-3
Added Pin To Net: NetName=NetR1_1 Pin=R1-1
Added Pin To Net: NetName=+3.3V Pin=R1-2
Added Pin To Net: NetName=NetR2_1 Pin=R2-1
Added Pin To Net: NetName=+3.3V Pin=R2-2
Added Pin To Net: NetName=NetR3_1 Pin=R3-1
Added Pin To Net: NetName=+3.3V Pin=R3-2
Added Pin To Net: NetName=RST Wifi Pin=R4-1
Added Pin To Net: NetName=+3.3V Pin=R4-2
Added Pin To Net: NetName=NetQ1_1 Pin=R5-1
Added Pin To Net: NetName=mcu_OUT0 Pin=R5-2
Add Pin To Net: Unknown Pin: Pin R6-1
Add Pin To Net: Unknown Pin: Pin R6-2
Added Pin To Net: NetName=VFB Pin=R7-1
Added Pin To Net: NetName=+3.3V Pin=R7-2
Added Pin To Net: NetName=NetD6_1 Pin=R8-1
Added Pin To Net: NetName=+3.3V Pin=R8-2
Added Pin To Net: NetName=GND Pin=R9-1
Added Pin To Net: NetName=VFB Pin=R9-2
Added Pin To Net: NetName=SWIO Pin=R10-1
Added Pin To Net: NetName=+3.3V Pin=R10-2
Added Pin To Net: NetName=SWIO Pin=R11-1
Added Pin To Net: NetName=+3.3V Pin=R11-2
Add Pin To Net: Unknown Pin: Pin R12-1
Add Pin To Net: Unknown Pin: Pin R12-2
Added Pin To Net: NetName=SWIO Pin=R13-2
Added Pin To Net: NetName=+Vin Pin=RL1-1
Added Pin To Net: NetName=NetD1_1 Pin=RL1-2
Added Pin To Net: NetName=Com1 Pin=RL1-3
Added Pin To Net: NetName=NC1 Pin=RL1-4
Added Pin To Net: NetName=NA1 Pin=RL1-5
Added Pin To Net: NetName=RST Wifi Pin=U1-1
Added Pin To Net: NetName=NetR3_1 Pin=U1-3
Added Pin To Net: NetName=+3.3V Pin=U1-8
Added Pin To Net: NetName=GND Pin=U1-15
Added Pin To Net: NetName=NetR1_1 Pin=U1-16
Added Pin To Net: NetName=NetR2_1 Pin=U1-18
Added Pin To Net: NetName=mcu_TX1 Pin=U1-21
Added Pin To Net: NetName=mcu_RX1 Pin=U1-22
Added Pin To Net: NetName=NetC4_2 Pin=U2-1
Added Pin To Net: NetName=GND Pin=U2-2
Added Pin To Net: NetName=VFB Pin=U2-3
Added Pin To Net: NetName=+Vin Pin=U2-4
Added Pin To Net: NetName=+Vin Pin=U2-5
Added Pin To Net: NetName=NetC4_1 Pin=U2-6
Added Pin To Net: NetName=+3.3V Pin=U3-1
Added Pin To Net: NetName=NetC19_1 Pin=U3-3
Added Pin To Net: NetName=NetC21_1 Pin=U3-4
Added Pin To Net: NetName=NetC16_1 Pin=U3-5
Added Pin To Net: NetName=NetC17_1 Pin=U3-6
Added Pin To Net: NetName=NRST Pin=U3-7
Added Pin To Net: NetName=GND Pin=U3-12
Added Pin To Net: NetName=+3.3V Pin=U3-13
Added Pin To Net: NetName=GND Pin=U3-18
Added Pin To Net: NetName=+3.3V Pin=U3-19
Added Pin To Net: NetName=mcu_OUT0 Pin=U3-26
Added Pin To Net: NetName=NetC20_1 Pin=U3-30
Added Pin To Net: NetName=GND Pin=U3-31
Added Pin To Net: NetName=+3.3V Pin=U3-32
Added Pin To Net: NetName=SWIO Pin=U3-46
Added Pin To Net: NetName=GND Pin=U3-47
Added Pin To Net: NetName=+3.3V Pin=U3-48
Added Pin To Net: NetName=SWCLK Pin=U3-49
Added Pin To Net: NetName=mcu_TX1 Pin=U3-58
Added Pin To Net: NetName=mcu_RX1 Pin=U3-59
Added Pin To Net: NetName=SWIO Pin=U3-60
Added Pin To Net: NetName=GND Pin=U3-63
Added Pin To Net: NetName=+3.3V Pin=U3-64
Added Pin To Net: NetName=NetC17_1 Pin=X1-1
Added Pin To Net: NetName=NetC16_1 Pin=X1-2
Added Pin To Net: NetName=GND Pin=X1-3
Added Pin To Net: NetName=NetC21_1 Pin=X2-1
Added Pin To Net: NetName=NetC19_1 Pin=X2-2
Added Pin To Net: NetName=GND Pin=X2-3
Added Member To Class: ClassName=Periféricos Member=Component C1 100nF 50V X7R
Added Member To Class: ClassName=Periféricos Member=Component C2 10uF 10V X7R
Added Member To Class: ClassName=Periféricos Member=Component C3 100nF 50V X7R
Added Member To Class: ClassName=Fuente y Protecciones Member=Component C4 100nF 50V X7R
Added Member To Class: ClassName=Fuente y Protecciones Member=Component C5 2.2uF 50v X7R
Added Member To Class: ClassName=Fuente y Protecciones Member=Component C6 220uF 35V Elect
Added Member To Class: ClassName=Fuente y Protecciones Member=Component C7 100nF 50v X7R
Added Member To Class: ClassName=Fuente y Protecciones Member=Component C8 100uF 10V X7R
Added Member To Class: ClassName=Fuente y Protecciones Member=Component C9 100uF 10V X7R
Added Member To Class: ClassName=Cpu - Clock, Jtag, Power Member=Component C10 100nF 25v X7R
Added Member To Class: ClassName=Cpu - Clock, Jtag, Power Member=Component C11 100nF 25V x7R
Added Member To Class: ClassName=Cpu - Clock, Jtag, Power Member=Component C12 100nF 25v X7R
Added Member To Class: ClassName=Cpu - Clock, Jtag, Power Member=Component C13 100nF 25V x7R
Added Member To Class: ClassName=Cpu - Clock, Jtag, Power Member=Component C14 10uF 25v X7R
Added Member To Class: ClassName=Cpu - Clock, Jtag, Power Member=Component C15 100nF 25v X7R
Added Member To Class: ClassName=Cpu - Clock, Jtag, Power Member=Component C16 4.7pF 50V COG
Added Member To Class: ClassName=Cpu - Clock, Jtag, Power Member=Component C17 4.7pF 50V COG
Added Member To Class: ClassName=Cpu - Clock, Jtag, Power Member=Component C18 100nF 25v X7R
Added Member To Class: ClassName=Cpu - Clock, Jtag, Power Member=Component C19 4.7pF 50V COG
Added Member To Class: ClassName=Cpu - Clock, Jtag, Power Member=Component C20 4.7uF 6V3 x7R
Added Member To Class: ClassName=Cpu - Clock, Jtag, Power Member=Component C21 4.7pF 50V COG
Added Member To Class: ClassName=Periféricos Member=Component CN1 Bornera 3 vias Pitch 5mm
Added Member To Class: ClassName=Fuente y Protecciones Member=Component CN2 PJ-0028H
Added Member To Class: ClassName=Cpu - Clock, Jtag, Power Member=Component CN3 Header Male 1x5 0.1"
Added Member To Class: ClassName=Periféricos Member=Component D1 1N4148WS
Added Member To Class: ClassName=Fuente y Protecciones Member=Component D2 S16
Added Member To Class: ClassName=Fuente y Protecciones Member=Component D3 1N4148WS
Added Member To Class: ClassName=Fuente y Protecciones Member=Component D4 SMAJ30A
Add Class Member: Failed to add class member : Component D5 MBRX160TP
Added Member To Class: ClassName=Fuente y Protecciones Member=Component D6 LED rojo 0805
Added Member To Class: ClassName=Fuente y Protecciones Member=Component L1 LQH44PN220MP0L
Added Member To Class: ClassName=Fuente y Protecciones Member=Component P1 NANOSMDC012F-2
Added Member To Class: ClassName=Periféricos Member=Component Q1 IRLML0040TRPBF
Added Member To Class: ClassName=Periféricos Member=Component R1 10K 5%
Added Member To Class: ClassName=Periféricos Member=Component R2 10K 5%
Added Member To Class: ClassName=Periféricos Member=Component R3 10K 5%
Added Member To Class: ClassName=Periféricos Member=Component R4 10K 5%
Added Member To Class: ClassName=Periféricos Member=Component R5 1K 5%
Add Class Member: Failed to add class member : Component R6 10K 5%
Added Member To Class: ClassName=Fuente y Protecciones Member=Component R7 30K9 1%
Added Member To Class: ClassName=Fuente y Protecciones Member=Component R8 2K2 5%
Added Member To Class: ClassName=Fuente y Protecciones Member=Component R9 10K 1%
Added Member To Class: ClassName=Cpu - Clock, Jtag, Power Member=Component R10 10K 5%
Added Member To Class: ClassName=Cpu - Clock, Jtag, Power Member=Component R11 10K 5%
Add Class Member: Failed to add class member : Component R12 10K 5%
Added Member To Class: ClassName=Cpu - Clock, Jtag, Power Member=Component R13 10K 5%
Added Member To Class: ClassName=Periféricos Member=Component RL1 SRD-24VDC-SLC
Added Member To Class: ClassName=Periféricos Member=Component U1 ESP12F
Added Member To Class: ClassName=Fuente y Protecciones Member=Component U2 MCP16301HT-E/CH
Added Member To Class: ClassName=Cpu - Clock, Jtag, Power Member=Component U3 STM32F401RET6
Added Member To Class: ClassName=Cpu - Clock, Jtag, Power Member=Component X1 AB26TRQ-32.768KHZ-T
Added Member To Class: ClassName=Cpu - Clock, Jtag, Power Member=Component X2 AB26TRQ-32.768KHZ-T
