Change Component Comment : Designator=TP17 Old Comment=ADC I BUCK 2 New Comment=
Change Component Comment : Designator=TP19 Old Comment=ADC V BUCK 2 New Comment=
Change Component Comment : Designator=TP20 Old Comment=PWM BUCK 2 New Comment=
Change Component Designator: OldDesignator=TP4 NewDesignator=ADC Icc
Change Component Designator: OldDesignator=TP6 NewDesignator=ADC VCC
Change Component Designator: OldDesignator=TP7 NewDesignator=VB
Change Component Designator: OldDesignator=TP8 NewDesignator=HO
Change Component Designator: OldDesignator=TP9 NewDesignator=uC - PWM H
Change Component Designator: OldDesignator=TP10 NewDesignator=HIN
Change Component Designator: OldDesignator=TP11 NewDesignator=LIN
Change Component Designator: OldDesignator=TP12 NewDesignator=LO
Change Component Designator: OldDesignator=TP13 NewDesignator=uC - PWM L
Change Component Designator: OldDesignator=TP15 NewDesignator=Vo
Change Component Designator: OldDesignator=TP16 NewDesignator=ADC VO
Change Component Designator: OldDesignator=TP17 NewDesignator=ADC I BUCK 2
Change Component Designator: OldDesignator=TP18 NewDesignator=Vout Q4
Change Component Designator: OldDesignator=TP19 NewDesignator=ADC V BUCK 2
Change Component Designator: OldDesignator=TP20 NewDesignator=PWM BUCK 2
Added Component: Designator=ASM1(Fiducial)
Added Component: Designator=ASM3(Fiducial)
Change Net Name : Old Net Name=NetR14_2 New Net Name=NetHO_1
Change Net Name : Old Net Name=NetR17_2 New Net Name=NetLO_1
Added Member To Class: ClassName=Microcontrolador Member=Component ASM1 Fiducial
Added Member To Class: ClassName=Microcontrolador Member=Component ASM3 Fiducial
Added Room: Name=Buck2
Added Room: Name=Buck
Added Room: Name=Control
Added Room: Name=Fuente
Added Room: Name=Microcontrolador
